2021-09-20 13:02:02.729  INFO 5772 --- [restartedMain] c.b.e.EmployeePayRollSetUpApplication    : Starting EmployeePayRollSetUpApplication using Java 11.0.12 on Shreyas with PID 5772 (I:\Java SpringBoot\EmployeePayrollApplication\target\classes started by shind in I:\Java SpringBoot\EmployeePayrollApplication)
2021-09-20 13:02:02.734 DEBUG 5772 --- [restartedMain] c.b.e.EmployeePayRollSetUpApplication    : Running with Spring Boot v2.5.4, Spring v5.3.9
2021-09-20 13:02:02.734  INFO 5772 --- [restartedMain] c.b.e.EmployeePayRollSetUpApplication    : No active profile set, falling back to default profiles: default
2021-09-20 13:02:07.262  WARN 5772 --- [restartedMain] JpaBaseConfiguration$JpaWebConfiguration : spring.jpa.open-in-view is enabled by default. Therefore, database queries may be performed during view rendering. Explicitly configure spring.jpa.open-in-view to disable this warning
2021-09-20 13:02:07.772  INFO 5772 --- [restartedMain] c.b.e.EmployeePayRollSetUpApplication    : Started EmployeePayRollSetUpApplication in 5.636 seconds (JVM running for 6.803)
2021-09-20 13:04:44.020  INFO 5772 --- [http-nio-8088-exec-1] c.b.e.controller.EmployeeController      : All will be data rertrive:
2021-09-20 13:06:11.888  INFO 5772 --- [restartedMain] c.b.e.EmployeePayRollSetUpApplication    : Starting EmployeePayRollSetUpApplication using Java 11.0.12 on Shreyas with PID 5772 (I:\Java SpringBoot\EmployeePayrollApplication\target\classes started by shind in I:\Java SpringBoot\EmployeePayrollApplication)
2021-09-20 13:06:11.889 DEBUG 5772 --- [restartedMain] c.b.e.EmployeePayRollSetUpApplication    : Running with Spring Boot v2.5.4, Spring v5.3.9
2021-09-20 13:06:11.890  INFO 5772 --- [restartedMain] c.b.e.EmployeePayRollSetUpApplication    : No active profile set, falling back to default profiles: default
2021-09-20 13:06:12.608  WARN 5772 --- [restartedMain] JpaBaseConfiguration$JpaWebConfiguration : spring.jpa.open-in-view is enabled by default. Therefore, database queries may be performed during view rendering. Explicitly configure spring.jpa.open-in-view to disable this warning
2021-09-20 13:06:12.822  INFO 5772 --- [restartedMain] c.b.e.EmployeePayRollSetUpApplication    : Started EmployeePayRollSetUpApplication in 0.968 seconds (JVM running for 251.853)
2021-09-20 13:07:15.834  INFO 5772 --- [restartedMain] c.b.e.EmployeePayRollSetUpApplication    : Starting EmployeePayRollSetUpApplication using Java 11.0.12 on Shreyas with PID 5772 (I:\Java SpringBoot\EmployeePayrollApplication\target\classes started by shind in I:\Java SpringBoot\EmployeePayrollApplication)
2021-09-20 13:07:15.834 DEBUG 5772 --- [restartedMain] c.b.e.EmployeePayRollSetUpApplication    : Running with Spring Boot v2.5.4, Spring v5.3.9
2021-09-20 13:07:15.834  INFO 5772 --- [restartedMain] c.b.e.EmployeePayRollSetUpApplication    : No active profile set, falling back to default profiles: default
2021-09-20 13:07:16.588  WARN 5772 --- [restartedMain] JpaBaseConfiguration$JpaWebConfiguration : spring.jpa.open-in-view is enabled by default. Therefore, database queries may be performed during view rendering. Explicitly configure spring.jpa.open-in-view to disable this warning
2021-09-20 13:07:16.739  INFO 5772 --- [restartedMain] c.b.e.EmployeePayRollSetUpApplication    : Started EmployeePayRollSetUpApplication in 0.934 seconds (JVM running for 315.771)
2021-09-20 13:09:59.023  INFO 5772 --- [restartedMain] c.b.e.EmployeePayRollSetUpApplication    : Starting EmployeePayRollSetUpApplication using Java 11.0.12 on Shreyas with PID 5772 (I:\Java SpringBoot\EmployeePayrollApplication\target\classes started by shind in I:\Java SpringBoot\EmployeePayrollApplication)
2021-09-20 13:09:59.023 DEBUG 5772 --- [restartedMain] c.b.e.EmployeePayRollSetUpApplication    : Running with Spring Boot v2.5.4, Spring v5.3.9
2021-09-20 13:09:59.024  INFO 5772 --- [restartedMain] c.b.e.EmployeePayRollSetUpApplication    : The following profiles are active: dev
2021-09-20 13:09:59.783  WARN 5772 --- [restartedMain] JpaBaseConfiguration$JpaWebConfiguration : spring.jpa.open-in-view is enabled by default. Therefore, database queries may be performed during view rendering. Explicitly configure spring.jpa.open-in-view to disable this warning
2021-09-20 13:09:59.966  INFO 5772 --- [restartedMain] c.b.e.EmployeePayRollSetUpApplication    : Started EmployeePayRollSetUpApplication in 0.973 seconds (JVM running for 478.997)
2021-09-20 13:11:50.321  INFO 4464 --- [restartedMain] c.b.e.EmployeePayRollSetUpApplication    : Starting EmployeePayRollSetUpApplication using Java 11.0.12 on Shreyas with PID 4464 (I:\Java SpringBoot\EmployeePayrollApplication\target\classes started by shind in I:\Java SpringBoot\EmployeePayrollApplication)
2021-09-20 13:11:50.323 DEBUG 4464 --- [restartedMain] c.b.e.EmployeePayRollSetUpApplication    : Running with Spring Boot v2.5.4, Spring v5.3.9
2021-09-20 13:11:50.323  INFO 4464 --- [restartedMain] c.b.e.EmployeePayRollSetUpApplication    : No active profile set, falling back to default profiles: default
2021-09-20 13:11:51.108  WARN 4464 --- [restartedMain] JpaBaseConfiguration$JpaWebConfiguration : spring.jpa.open-in-view is enabled by default. Therefore, database queries may be performed during view rendering. Explicitly configure spring.jpa.open-in-view to disable this warning
2021-09-20 13:11:51.284  INFO 4464 --- [restartedMain] c.b.e.EmployeePayRollSetUpApplication    : Started EmployeePayRollSetUpApplication in 1.043 seconds (JVM running for 27.618)
